[18] Log opened at 2023-12-13 05:01:53.249633
[18] [Config] INFO: Control socket set up succesfully: '@xdebug-ctrl.18'
[18] [Step Debug] INFO: Connecting to configured address/port: host.docker.internal:9003.
[18] [Step Debug] WARN: Creating socket for 'host.docker.internal:9003', poll success, but error: Operation now in progress (29).
[18] [Step Debug] ERR: Could not connect to debugging client. Tried: host.docker.internal:9003 (through xdebug.client_host/xdebug.client_port).
[18] Log closed at 2023-12-13 05:01:53.321801

[19] Log opened at 2023-12-13 08:29:09.391415
[19] [Config] INFO: Control socket set up succesfully: '@xdebug-ctrl.19'
[19] [Step Debug] INFO: Connecting to configured address/port: host.docker.internal:9003.
[19] [Step Debug] WARN: Creating socket for 'host.docker.internal:9003', poll success, but error: Operation now in progress (29).
[19] [Step Debug] ERR: Could not connect to debugging client. Tried: host.docker.internal:9003 (through xdebug.client_host/xdebug.client_port).
[19] Log closed at 2023-12-13 08:29:09.737914

[21] Log opened at 2023-12-13 08:35:45.456234
[21] [Config] INFO: Control socket set up succesfully: '@xdebug-ctrl.21'
[21] [Step Debug] INFO: Connecting to configured address/port: host.docker.internal:9003.
[21] [Step Debug] WARN: Creating socket for 'host.docker.internal:9003', poll success, but error: Operation now in progress (29).
[21] [Step Debug] ERR: Could not connect to debugging client. Tried: host.docker.internal:9003 (through xdebug.client_host/xdebug.client_port).
[21] Log closed at 2023-12-13 08:35:45.518271

[23] Log opened at 2023-12-13 08:37:47.597994
[23] [Config] INFO: Control socket set up succesfully: '@xdebug-ctrl.23'
[23] [Step Debug] INFO: Connecting to configured address/port: host.docker.internal:9003.
[23] [Step Debug] WARN: Creating socket for 'host.docker.internal:9003', poll success, but error: Operation now in progress (29).
[23] [Step Debug] ERR: Could not connect to debugging client. Tried: host.docker.internal:9003 (through xdebug.client_host/xdebug.client_port).
[23] Log closed at 2023-12-13 08:37:47.671457

[18] Log opened at 2023-12-13 08:38:25.702460
[18] [Config] INFO: Control socket set up succesfully: '@xdebug-ctrl.18'
[18] [Step Debug] INFO: Connecting to configured address/port: host.docker.internal:9003.
[18] [Step Debug] WARN: Creating socket for 'host.docker.internal:9003', poll success, but error: Operation now in progress (29).
[18] [Step Debug] ERR: Could not connect to debugging client. Tried: host.docker.internal:9003 (through xdebug.client_host/xdebug.client_port).
[18] Log closed at 2023-12-13 08:38:25.741709

[20] Log opened at 2023-12-13 11:40:18.322103
[20] [Config] INFO: Control socket set up succesfully: '@xdebug-ctrl.20'
[20] [Step Debug] INFO: Connecting to configured address/port: host.docker.internal:9003.
[20] [Step Debug] WARN: Creating socket for 'host.docker.internal:9003', poll success, but error: Operation now in progress (29).
[20] [Step Debug] ERR: Could not connect to debugging client. Tried: host.docker.internal:9003 (through xdebug.client_host/xdebug.client_port).
[20] Log closed at 2023-12-13 11:40:18.388759

[18] Log opened at 2023-12-13 12:49:05.511834
[18] [Config] INFO: Control socket set up succesfully: '@xdebug-ctrl.18'
[18] [Step Debug] INFO: Connecting to configured address/port: host.docker.internal:9003.
[18] [Step Debug] WARN: Creating socket for 'host.docker.internal:9003', poll success, but error: Operation now in progress (29).
[18] [Step Debug] ERR: Could not connect to debugging client. Tried: host.docker.internal:9003 (through xdebug.client_host/xdebug.client_port).
[18] Log closed at 2023-12-13 12:49:05.581982

[20] Log opened at 2023-12-13 12:49:28.292875
[20] [Config] INFO: Control socket set up succesfully: '@xdebug-ctrl.20'
[20] [Step Debug] INFO: Connecting to configured address/port: host.docker.internal:9003.
[20] [Step Debug] WARN: Creating socket for 'host.docker.internal:9003', poll success, but error: Operation now in progress (29).
[20] [Step Debug] ERR: Could not connect to debugging client. Tried: host.docker.internal:9003 (through xdebug.client_host/xdebug.client_port).
[20] Log closed at 2023-12-13 12:49:28.332154

